01:40:56.999 [main] INFO  utils.EventReporter - Fluid Recruiting is clicked successfully on https://vinmahaj01.taleolab.oraclecorp.com/smartorg/smartorg/common/toc.jsf?lang=en
01:41:19.295 [main] INFO  utils.EventReporter - FIND CANDIDATES is clicked successfully on https://vinmahaj01.taleolab.oraclecorp.com/enterprise/fluid?lang=en
01:41:21.312 [main] INFO  utils.EventReporter - Saved Searches is clicked successfully on https://vinmahaj01.taleolab.oraclecorp.com/enterprise/fluid?root=find_candidates
01:41:21.590 [main] INFO  utils.EventReporter - AB is clicked successfully on https://vinmahaj01.taleolab.oraclecorp.com/enterprise/fluid?root=find_candidates
01:43:51.939 [main] INFO  utils.EventReporter - Sign In is clicked successfully on https://vinmahaj01.taleolab.oraclecorp.com/smartorg/iam/accessmanagement/login.jsf?redirectionURI=https%3A%2F%2Fvinmahaj01.taleolab.oraclecorp.com%2Fsmartorg%2Fsmartorg%2Fcommon%2Ftoc.jsf%3Flang%3Den&TARGET=https%3A%2F%2Fvinmahaj01.taleolab.oraclecorp.com%2Fsmartorg%2Fsmartorg%2Fcommon%2Ftoc.jsf%3Flang%3Den
01:43:56.331 [main] INFO  utils.EventReporter - Fluid Recruiting is clicked successfully on https://vinmahaj01.taleolab.oraclecorp.com/smartorg/smartorg/common/toc.jsf?lang=en
01:44:16.482 [main] INFO  utils.EventReporter - FIND CANDIDATES is clicked successfully on https://vinmahaj01.taleolab.oraclecorp.com/enterprise/fluid?lang=en
01:44:18.953 [main] INFO  utils.EventReporter - Saved Searches is clicked successfully on https://vinmahaj01.taleolab.oraclecorp.com/enterprise/fluid?root=find_candidates
01:44:19.072 [main] INFO  utils.EventReporter - AB is clicked successfully on https://vinmahaj01.taleolab.oraclecorp.com/enterprise/fluid?root=find_candidates
01:48:43.524 [main] INFO  utils.EventReporter - Sign In is clicked successfully on https://vinmahaj01.taleolab.oraclecorp.com/smartorg/iam/accessmanagement/login.jsf?redirectionURI=https%3A%2F%2Fvinmahaj01.taleolab.oraclecorp.com%2Fsmartorg%2Fsmartorg%2Fcommon%2Ftoc.jsf%3Flang%3Den&TARGET=https%3A%2F%2Fvinmahaj01.taleolab.oraclecorp.com%2Fsmartorg%2Fsmartorg%2Fcommon%2Ftoc.jsf%3Flang%3Den
01:48:47.884 [main] INFO  utils.EventReporter - Fluid Recruiting is clicked successfully on https://vinmahaj01.taleolab.oraclecorp.com/smartorg/smartorg/common/toc.jsf?lang=en
01:49:08.647 [main] INFO  utils.EventReporter - FIND CANDIDATES is clicked successfully on https://vinmahaj01.taleolab.oraclecorp.com/enterprise/fluid?lang=en
01:49:10.616 [main] INFO  utils.EventReporter - Saved Searches is clicked successfully on https://vinmahaj01.taleolab.oraclecorp.com/enterprise/fluid?root=find_candidates
01:49:10.748 [main] INFO  utils.EventReporter - AB is clicked successfully on https://vinmahaj01.taleolab.oraclecorp.com/enterprise/fluid?root=find_candidates
01:50:59.314 [main] INFO  utils.EventReporter - Sign In is clicked successfully on https://vinmahaj01.taleolab.oraclecorp.com/smartorg/iam/accessmanagement/login.jsf?redirectionURI=https%3A%2F%2Fvinmahaj01.taleolab.oraclecorp.com%2Fsmartorg%2Fsmartorg%2Fcommon%2Ftoc.jsf%3Flang%3Den&TARGET=https%3A%2F%2Fvinmahaj01.taleolab.oraclecorp.com%2Fsmartorg%2Fsmartorg%2Fcommon%2Ftoc.jsf%3Flang%3Den
01:51:03.350 [main] INFO  utils.EventReporter - Fluid Recruiting is clicked successfully on https://vinmahaj01.taleolab.oraclecorp.com/smartorg/smartorg/common/toc.jsf?lang=en
01:51:24.937 [main] INFO  utils.EventReporter - FIND CANDIDATES is clicked successfully on https://vinmahaj01.taleolab.oraclecorp.com/enterprise/fluid?lang=en
01:51:26.909 [main] INFO  utils.EventReporter - Saved Searches is clicked successfully on https://vinmahaj01.taleolab.oraclecorp.com/enterprise/fluid?root=find_candidates
01:51:27.193 [main] INFO  utils.EventReporter - AB is clicked successfully on https://vinmahaj01.taleolab.oraclecorp.com/enterprise/fluid?root=find_candidates
01:52:52.304 [main] INFO  utils.EventReporter - Sign In is clicked successfully on https://vinmahaj01.taleolab.oraclecorp.com/smartorg/iam/accessmanagement/login.jsf?redirectionURI=https%3A%2F%2Fvinmahaj01.taleolab.oraclecorp.com%2Fsmartorg%2Fsmartorg%2Fcommon%2Ftoc.jsf%3Flang%3Den&TARGET=https%3A%2F%2Fvinmahaj01.taleolab.oraclecorp.com%2Fsmartorg%2Fsmartorg%2Fcommon%2Ftoc.jsf%3Flang%3Den
01:52:56.345 [main] INFO  utils.EventReporter - Fluid Recruiting is clicked successfully on https://vinmahaj01.taleolab.oraclecorp.com/smartorg/smartorg/common/toc.jsf?lang=en
01:53:18.435 [main] INFO  utils.EventReporter - FIND CANDIDATES is clicked successfully on https://vinmahaj01.taleolab.oraclecorp.com/enterprise/fluid?lang=en
01:53:20.154 [main] INFO  utils.EventReporter - Saved Searches is clicked successfully on https://vinmahaj01.taleolab.oraclecorp.com/enterprise/fluid?root=find_candidates
01:53:20.273 [main] INFO  utils.EventReporter - AB is clicked successfully on https://vinmahaj01.taleolab.oraclecorp.com/enterprise/fluid?root=find_candidates
02:02:44.331 [main] INFO  utils.EventReporter - Sign In is clicked successfully on https://vinmahaj01.taleolab.oraclecorp.com/smartorg/iam/accessmanagement/login.jsf?redirectionURI=https%3A%2F%2Fvinmahaj01.taleolab.oraclecorp.com%2Fsmartorg%2Fsmartorg%2Fcommon%2Ftoc.jsf%3Flang%3Den&TARGET=https%3A%2F%2Fvinmahaj01.taleolab.oraclecorp.com%2Fsmartorg%2Fsmartorg%2Fcommon%2Ftoc.jsf%3Flang%3Den
